2015-01-31 13:45:24.315+0000 INFO  [o.n.k.i.DiagnosticsManager]: --- INITIALIZED diagnostics START ---
2015-01-31 13:45:24.343+0000 INFO  [o.n.k.i.DiagnosticsManager]: Neo4j Kernel properties:
2015-01-31 13:45:24.357+0000 INFO  [o.n.k.i.DiagnosticsManager]: neostore.propertystore.db.mapped_memory=82M
2015-01-31 13:45:24.357+0000 INFO  [o.n.k.i.DiagnosticsManager]: neostore.nodestore.db.mapped_memory=22M
2015-01-31 13:45:24.357+0000 INFO  [o.n.k.i.DiagnosticsManager]: neostore.relationshipstore.db.mapped_memory=100M
2015-01-31 13:45:24.357+0000 INFO  [o.n.k.i.DiagnosticsManager]: neostore.propertystore.db.strings.mapped_memory=70M
2015-01-31 13:45:24.357+0000 INFO  [o.n.k.i.DiagnosticsManager]: store_dir=accessingdataneo4j.db
2015-01-31 13:45:24.358+0000 INFO  [o.n.k.i.DiagnosticsManager]: neostore.propertystore.db.arrays.mapped_memory=79M
2015-01-31 13:45:24.358+0000 INFO  [o.n.k.i.DiagnosticsManager]: ephemeral=false
2015-01-31 13:45:24.364+0000 INFO  [o.n.k.i.DiagnosticsManager]: Diagnostics providers:
2015-01-31 13:45:24.364+0000 INFO  [o.n.k.i.DiagnosticsManager]: org.neo4j.kernel.configuration.Config
2015-01-31 13:45:24.364+0000 INFO  [o.n.k.i.DiagnosticsManager]: org.neo4j.kernel.info.DiagnosticsManager
2015-01-31 13:45:24.364+0000 INFO  [o.n.k.i.DiagnosticsManager]: SYSTEM_MEMORY
2015-01-31 13:45:24.364+0000 INFO  [o.n.k.i.DiagnosticsManager]: JAVA_MEMORY
2015-01-31 13:45:24.365+0000 INFO  [o.n.k.i.DiagnosticsManager]: OPERATING_SYSTEM
2015-01-31 13:45:24.365+0000 INFO  [o.n.k.i.DiagnosticsManager]: JAVA_VIRTUAL_MACHINE
2015-01-31 13:45:24.365+0000 INFO  [o.n.k.i.DiagnosticsManager]: CLASSPATH
2015-01-31 13:45:24.365+0000 INFO  [o.n.k.i.DiagnosticsManager]: LIBRARY_PATH
2015-01-31 13:45:24.365+0000 INFO  [o.n.k.i.DiagnosticsManager]: SYSTEM_PROPERTIES
2015-01-31 13:45:24.365+0000 INFO  [o.n.k.i.DiagnosticsManager]: NETWORK
2015-01-31 13:45:24.366+0000 INFO  [o.n.k.i.DiagnosticsManager]: System memory information:
2015-01-31 13:45:24.400+0000 INFO  [o.n.k.i.DiagnosticsManager]: Total Physical memory: 5.91 GB
2015-01-31 13:45:24.401+0000 INFO  [o.n.k.i.DiagnosticsManager]: Free Physical memory: 2.82 GB
2015-01-31 13:45:24.401+0000 INFO  [o.n.k.i.DiagnosticsManager]: Committed virtual memory: 246.51 MB
2015-01-31 13:45:24.402+0000 INFO  [o.n.k.i.DiagnosticsManager]: Total swap space: 11.81 GB
2015-01-31 13:45:24.402+0000 INFO  [o.n.k.i.DiagnosticsManager]: Free swap space: 8.06 GB
2015-01-31 13:45:24.424+0000 INFO  [o.n.k.i.DiagnosticsManager]: JVM memory information:
2015-01-31 13:45:24.429+0000 INFO  [o.n.k.i.DiagnosticsManager]: Free  memory: 83.94 MB
2015-01-31 13:45:24.429+0000 INFO  [o.n.k.i.DiagnosticsManager]: Total memory: 91.00 MB
2015-01-31 13:45:24.430+0000 INFO  [o.n.k.i.DiagnosticsManager]: Max   memory: 1.31 GB
2015-01-31 13:45:24.459+0000 INFO  [o.n.k.i.DiagnosticsManager]: Garbage Collector: PS Scavenge: [PS Eden Space, PS Survivor Space]
2015-01-31 13:45:24.459+0000 INFO  [o.n.k.i.DiagnosticsManager]: Garbage Collector: PS MarkSweep: [PS Eden Space, PS Survivor Space, PS Old Gen, PS Perm Gen]
2015-01-31 13:45:24.462+0000 INFO  [o.n.k.i.DiagnosticsManager]: Memory Pool: Code Cache (Non-heap memory): committed=2.44 MB, used=856.50 kB, max=48.00 MB, threshold=0.00 B
2015-01-31 13:45:24.463+0000 INFO  [o.n.k.i.DiagnosticsManager]: Memory Pool: PS Eden Space (Heap memory): committed=24.50 MB, used=498.99 kB, max=498.00 MB, threshold=?
2015-01-31 13:45:24.464+0000 INFO  [o.n.k.i.DiagnosticsManager]: Memory Pool: PS Survivor Space (Heap memory): committed=3.50 MB, used=3.48 MB, max=3.50 MB, threshold=?
2015-01-31 13:45:24.465+0000 INFO  [o.n.k.i.DiagnosticsManager]: Memory Pool: PS Old Gen (Heap memory): committed=63.00 MB, used=3.09 MB, max=1009.00 MB, threshold=0.00 B
2015-01-31 13:45:24.467+0000 INFO  [o.n.k.i.DiagnosticsManager]: Memory Pool: PS Perm Gen (Non-heap memory): committed=21.00 MB, used=14.14 MB, max=82.00 MB, threshold=0.00 B
2015-01-31 13:45:24.467+0000 INFO  [o.n.k.i.DiagnosticsManager]: Operating system information:
2015-01-31 13:45:24.468+0000 INFO  [o.n.k.i.DiagnosticsManager]: Operating System: Windows 7; version: 6.1; arch: amd64; cpus: 8
2015-01-31 13:45:24.469+0000 INFO  [o.n.k.i.DiagnosticsManager]: Process id: 2828@Home-PC
2015-01-31 13:45:24.470+0000 INFO  [o.n.k.i.DiagnosticsManager]: Byte order: LITTLE_ENDIAN
2015-01-31 13:45:24.470+0000 INFO  [o.n.k.i.DiagnosticsManager]: Local timezone: America/New_York
2015-01-31 13:45:24.470+0000 INFO  [o.n.k.i.DiagnosticsManager]: JVM information:
2015-01-31 13:45:24.471+0000 INFO  [o.n.k.i.DiagnosticsManager]: VM Name: Java HotSpot(TM) 64-Bit Server VM
2015-01-31 13:45:24.471+0000 INFO  [o.n.k.i.DiagnosticsManager]: VM Vendor: Oracle Corporation
2015-01-31 13:45:24.471+0000 INFO  [o.n.k.i.DiagnosticsManager]: VM Version: 24.71-b01
2015-01-31 13:45:24.473+0000 INFO  [o.n.k.i.DiagnosticsManager]: JIT compiler: HotSpot 64-Bit Tiered Compilers
2015-01-31 13:45:24.474+0000 INFO  [o.n.k.i.DiagnosticsManager]: VM Arguments: [-Didea.launcher.port=7532, -Didea.launcher.bin.path=C:\Program Files (x86)\JetBrains\IntelliJ IDEA Community Edition 14.0.2\bin, -Dfile.encoding=UTF-8]
2015-01-31 13:45:24.474+0000 INFO  [o.n.k.i.DiagnosticsManager]: Java classpath:
2015-01-31 13:45:24.488+0000 INFO  [o.n.k.i.DiagnosticsManager]:  [loader.0] file:/C:/Program%20Files/Java/jdk1.7.0_71/jre/lib/jce.jar
2015-01-31 13:45:24.488+0000 INFO  [o.n.k.i.DiagnosticsManager]:  [loader.0] file:/C:/Program%20Files/Java/jdk1.7.0_71/jre/lib/jsse.jar
2015-01-31 13:45:24.488+0000 INFO  [o.n.k.i.DiagnosticsManager]:  [classpath] C:\Program Files (x86)\JetBrains\IntelliJ IDEA Community Edition 14.0.2\lib\idea_rt.jar
2015-01-31 13:45:24.488+0000 INFO  [o.n.k.i.DiagnosticsManager]:  [classpath + loader.0] file:/C:/Users/Home/.m2/repository/org/neo4j/neo4j-primitive-collections/2.1.2/neo4j-primitive-collections-2.1.2.jar
2015-01-31 13:45:24.488+0000 INFO  [o.n.k.i.DiagnosticsManager]:  [classpath] C:\Program Files\Java\jdk1.7.0_71\jre\lib\ext\zipfs.jar
2015-01-31 13:45:24.488+0000 INFO  [o.n.k.i.DiagnosticsManager]:  [classpath + loader.0] file:/C:/Users/Home/.m2/repository/org/parboiled/parboiled-core/1.1.6/parboiled-core-1.1.6.jar
2015-01-31 13:45:24.488+0000 INFO  [o.n.k.i.DiagnosticsManager]:  [classpath + loader.0] file:/C:/Users/Home/.m2/repository/org/aspectj/aspectjweaver/1.8.4/aspectjweaver-1.8.4.jar
2015-01-31 13:45:24.489+0000 INFO  [o.n.k.i.DiagnosticsManager]:  [classpath] C:\Program Files\Java\jdk1.7.0_71\jre\lib\ext\sunjce_provider.jar
2015-01-31 13:45:24.489+0000 INFO  [o.n.k.i.DiagnosticsManager]:  [classpath + loader.0] file:/C:/Users/Home/.m2/repository/org/neo4j/neo4j-udc/2.1.2/neo4j-udc-2.1.2.jar
2015-01-31 13:45:24.489+0000 INFO  [o.n.k.i.DiagnosticsManager]:  [classpath + loader.0] file:/C:/Users/Home/.m2/repository/org/springframework/spring-beans/4.0.8.RELEASE/spring-beans-4.0.8.RELEASE.jar
2015-01-31 13:45:24.489+0000 INFO  [o.n.k.i.DiagnosticsManager]:  [loader.1] file:/C:/Program%20Files/Java/jdk1.7.0_71/jre/lib/ext/zipfs.jar
2015-01-31 13:45:24.489+0000 INFO  [o.n.k.i.DiagnosticsManager]:  [classpath + loader.0] file:/C:/Users/Home/.m2/repository/org/neo4j/neo4j-cypher-dsl/2.0.1/neo4j-cypher-dsl-2.0.1.jar
2015-01-31 13:45:24.489+0000 INFO  [o.n.k.i.DiagnosticsManager]:  [classpath + loader.0] file:/C:/Users/Home/.m2/repository/org/springframework/data/spring-data-neo4j/3.1.4.RELEASE/spring-data-neo4j-3.1.4.RELEASE.jar
2015-01-31 13:45:24.489+0000 INFO  [o.n.k.i.DiagnosticsManager]:  [loader.1] file:/C:/Program%20Files/Java/jdk1.7.0_71/jre/lib/ext/sunmscapi.jar
2015-01-31 13:45:24.490+0000 INFO  [o.n.k.i.DiagnosticsManager]:  [classpath + loader.0] file:/C:/Users/Home/.m2/repository/org/springframework/spring-tx/4.0.8.RELEASE/spring-tx-4.0.8.RELEASE.jar
2015-01-31 13:45:24.490+0000 INFO  [o.n.k.i.DiagnosticsManager]:  [classpath] C:\Program Files\Java\jdk1.7.0_71\jre\lib\jfxrt.jar
2015-01-31 13:45:24.490+0000 INFO  [o.n.k.i.DiagnosticsManager]:  [classpath + loader.0] file:/C:/Users/Home/.m2/repository/org/neo4j/neo4j-cypher-compiler-1.9/2.0.3/neo4j-cypher-compiler-1.9-2.0.3.jar
2015-01-31 13:45:24.490+0000 INFO  [o.n.k.i.DiagnosticsManager]:  [classpath + loader.0] file:/C:/Users/Home/.m2/repository/org/neo4j/neo4j-graph-matching/2.1.2/neo4j-graph-matching-2.1.2.jar
2015-01-31 13:45:24.490+0000 INFO  [o.n.k.i.DiagnosticsManager]:  [loader.1] file:/C:/Program%20Files/Java/jdk1.7.0_71/jre/lib/ext/jaccess.jar
2015-01-31 13:45:24.490+0000 INFO  [o.n.k.i.DiagnosticsManager]:  [loader.1] file:/C:/Program%20Files/Java/jdk1.7.0_71/jre/lib/ext/sunec.jar
2015-01-31 13:45:24.490+0000 INFO  [o.n.k.i.DiagnosticsManager]:  [loader.0] file:/C:/Program%20Files/Java/jdk1.7.0_71/jre/lib/deploy.jar
2015-01-31 13:45:24.491+0000 INFO  [o.n.k.i.DiagnosticsManager]:  [bootstrap + classpath] C:\Program Files\Java\jdk1.7.0_71\jre\lib\jsse.jar
2015-01-31 13:45:24.491+0000 INFO  [o.n.k.i.DiagnosticsManager]:  [classpath] C:\Program Files\Java\jdk1.7.0_71\jre\lib\ext\sunec.jar
2015-01-31 13:45:24.491+0000 INFO  [o.n.k.i.DiagnosticsManager]:  [classpath] C:\Program Files\Java\jdk1.7.0_71\jre\lib\management-agent.jar
2015-01-31 13:45:24.491+0000 INFO  [o.n.k.i.DiagnosticsManager]:  [classpath + loader.0] file:/C:/Users/Home/.m2/repository/org/neo4j/neo4j-cypher-commons/2.1.2/neo4j-cypher-commons-2.1.2.jar
2015-01-31 13:45:24.491+0000 INFO  [o.n.k.i.DiagnosticsManager]:  [loader.0] file:/C:/Program%20Files/Java/jdk1.7.0_71/jre/lib/management-agent.jar
2015-01-31 13:45:24.491+0000 INFO  [o.n.k.i.DiagnosticsManager]:  [bootstrap] C:\Program Files\Java\jdk1.7.0_71\jre\lib\sunrsasign.jar
2015-01-31 13:45:24.491+0000 INFO  [o.n.k.i.DiagnosticsManager]:  [classpath + loader.0] file:/C:/Users/Home/.m2/repository/org/neo4j/neo4j/2.1.2/neo4j-2.1.2.jar
2015-01-31 13:45:24.491+0000 INFO  [o.n.k.i.DiagnosticsManager]:  [classpath + loader.0] file:/C:/Users/Home/.m2/repository/org/neo4j/neo4j-kernel/2.1.2/neo4j-kernel-2.1.2.jar
2015-01-31 13:45:24.492+0000 INFO  [o.n.k.i.DiagnosticsManager]:  [classpath + loader.0] file:/C:/Users/Home/.m2/repository/org/neo4j/neo4j-cypher/2.1.2/neo4j-cypher-2.1.2.jar
2015-01-31 13:45:24.492+0000 INFO  [o.n.k.i.DiagnosticsManager]:  [classpath + loader.0] file:/C:/Users/Home/.m2/repository/org/apache/lucene/lucene-core/3.6.2/lucene-core-3.6.2.jar
2015-01-31 13:45:24.492+0000 INFO  [o.n.k.i.DiagnosticsManager]:  [classpath + loader.0] file:/C:/Users/Home/.m2/repository/ch/qos/logback/logback-core/1.1.2/logback-core-1.1.2.jar
2015-01-31 13:45:24.492+0000 INFO  [o.n.k.i.DiagnosticsManager]:  [classpath + loader.0] file:/C:/Users/Home/.m2/repository/org/parboiled/parboiled-scala_2.10/1.1.6/parboiled-scala_2.10-1.1.6.jar
2015-01-31 13:45:24.492+0000 INFO  [o.n.k.i.DiagnosticsManager]:  [classpath + loader.0] file:/C:/Users/Home/.m2/repository/org/springframework/spring-aspects/4.0.8.RELEASE/spring-aspects-4.0.8.RELEASE.jar
2015-01-31 13:45:24.492+0000 INFO  [o.n.k.i.DiagnosticsManager]:  [loader.1] file:/C:/Program%20Files/Java/jdk1.7.0_71/jre/lib/ext/access-bridge-64.jar
2015-01-31 13:45:24.492+0000 INFO  [o.n.k.i.DiagnosticsManager]:  [bootstrap + classpath] C:\Program Files\Java\jdk1.7.0_71\jre\lib\jce.jar
2015-01-31 13:45:24.493+0000 INFO  [o.n.k.i.DiagnosticsManager]:  [loader.0] file:/C:/Program%20Files%20(x86)/JetBrains/IntelliJ%20IDEA%20Community%20Edition%2014.0.2/lib/idea_rt.jar
2015-01-31 13:45:24.493+0000 INFO  [o.n.k.i.DiagnosticsManager]:  [classpath + loader.0] file:/C:/Users/Home/.m2/repository/com/fasterxml/classmate/1.0.0/classmate-1.0.0.jar
2015-01-31 13:45:24.493+0000 INFO  [o.n.k.i.DiagnosticsManager]:  [classpath + loader.0] file:/C:/Users/Home/.m2/repository/com/googlecode/concurrentlinkedhashmap/concurrentlinkedhashmap-lru/1.3.1/concurrentlinkedhashmap-lru-1.3.1.jar
2015-01-31 13:45:24.493+0000 INFO  [o.n.k.i.DiagnosticsManager]:  [classpath + loader.0] file:/D:/Development/java/Account/target/classes/
2015-01-31 13:45:24.493+0000 INFO  [o.n.k.i.DiagnosticsManager]:  [classpath + loader.0] file:/C:/Users/Home/.m2/repository/org/apache/geronimo/specs/geronimo-jta_1.1_spec/1.1.1/geronimo-jta_1.1_spec-1.1.1.jar
2015-01-31 13:45:24.493+0000 INFO  [o.n.k.i.DiagnosticsManager]:  [classpath + loader.0] file:/C:/Users/Home/.m2/repository/org/slf4j/jul-to-slf4j/1.7.7/jul-to-slf4j-1.7.7.jar
2015-01-31 13:45:24.493+0000 INFO  [o.n.k.i.DiagnosticsManager]:  [loader.1] file:/C:/Program%20Files/Java/jdk1.7.0_71/jre/lib/ext/dnsns.jar
2015-01-31 13:45:24.493+0000 INFO  [o.n.k.i.DiagnosticsManager]:  [classpath + loader.0] file:/C:/Users/Home/.m2/repository/org/slf4j/slf4j-api/1.7.7/slf4j-api-1.7.7.jar
2015-01-31 13:45:24.494+0000 INFO  [o.n.k.i.DiagnosticsManager]:  [classpath + loader.0] file:/C:/Users/Home/.m2/repository/aopalliance/aopalliance/1.0/aopalliance-1.0.jar
2015-01-31 13:45:24.494+0000 INFO  [o.n.k.i.DiagnosticsManager]:  [bootstrap + classpath] C:\Program Files\Java\jdk1.7.0_71\jre\lib\charsets.jar
2015-01-31 13:45:24.494+0000 INFO  [o.n.k.i.DiagnosticsManager]:  [classpath + loader.0] file:/C:/Users/Home/.m2/repository/org/slf4j/log4j-over-slf4j/1.7.7/log4j-over-slf4j-1.7.7.jar
2015-01-31 13:45:24.494+0000 INFO  [o.n.k.i.DiagnosticsManager]:  [classpath] C:\Program Files\Java\jdk1.7.0_71\jre\lib\ext\localedata.jar
2015-01-31 13:45:24.494+0000 INFO  [o.n.k.i.DiagnosticsManager]:  [classpath + loader.0] file:/C:/Users/Home/.m2/repository/org/springframework/spring-expression/4.0.8.RELEASE/spring-expression-4.0.8.RELEASE.jar
2015-01-31 13:45:24.494+0000 INFO  [o.n.k.i.DiagnosticsManager]:  [classpath] C:\Program Files\Java\jdk1.7.0_71\jre\lib\ext\access-bridge-64.jar
2015-01-31 13:45:24.494+0000 INFO  [o.n.k.i.DiagnosticsManager]:  [loader.0] file:/C:/Program%20Files/Java/jdk1.7.0_71/jre/lib/rt.jar
2015-01-31 13:45:24.494+0000 INFO  [o.n.k.i.DiagnosticsManager]:  [loader.0] file:/C:/Program%20Files/Java/jdk1.7.0_71/jre/lib/plugin.jar
2015-01-31 13:45:24.495+0000 INFO  [o.n.k.i.DiagnosticsManager]:  [classpath + loader.0] file:/C:/Users/Home/.m2/repository/org/springframework/boot/spring-boot-starter-logging/1.1.10.RELEASE/spring-boot-starter-logging-1.1.10.RELEASE.jar
2015-01-31 13:45:24.495+0000 INFO  [o.n.k.i.DiagnosticsManager]:  [loader.1] file:/C:/Program%20Files/Java/jdk1.7.0_71/jre/lib/ext/localedata.jar
2015-01-31 13:45:24.495+0000 INFO  [o.n.k.i.DiagnosticsManager]:  [classpath + loader.0] file:/C:/Users/Home/.m2/repository/org/neo4j/neo4j-cypher-compiler-2.1/2.1.2/neo4j-cypher-compiler-2.1-2.1.2.jar
2015-01-31 13:45:24.495+0000 INFO  [o.n.k.i.DiagnosticsManager]:  [classpath + loader.0] file:/C:/Users/Home/.m2/repository/net/sf/opencsv/opencsv/2.0/opencsv-2.0.jar
2015-01-31 13:45:24.495+0000 INFO  [o.n.k.i.DiagnosticsManager]:  [classpath + loader.0] file:/C:/Users/Home/.m2/repository/org/aspectj/aspectjrt/1.8.4/aspectjrt-1.8.4.jar
2015-01-31 13:45:24.495+0000 INFO  [o.n.k.i.DiagnosticsManager]:  [classpath + loader.0] file:/C:/Users/Home/.m2/repository/org/neo4j/neo4j-graph-algo/2.1.2/neo4j-graph-algo-2.1.2.jar
2015-01-31 13:45:24.495+0000 INFO  [o.n.k.i.DiagnosticsManager]:  [classpath + loader.0] file:/C:/Users/Home/.m2/repository/org/springframework/data/spring-data-commons/1.8.4.RELEASE/spring-data-commons-1.8.4.RELEASE.jar
2015-01-31 13:45:24.495+0000 INFO  [o.n.k.i.DiagnosticsManager]:  [classpath + loader.0] file:/C:/Users/Home/.m2/repository/org/yaml/snakeyaml/1.13/snakeyaml-1.13.jar
2015-01-31 13:45:24.496+0000 INFO  [o.n.k.i.DiagnosticsManager]:  [classpath + loader.0] file:/C:/Users/Home/.m2/repository/org/springframework/boot/spring-boot-autoconfigure/1.1.10.RELEASE/spring-boot-autoconfigure-1.1.10.RELEASE.jar
2015-01-31 13:45:24.496+0000 INFO  [o.n.k.i.DiagnosticsManager]:  [classpath + loader.0] file:/C:/Users/Home/.m2/repository/org/neo4j/neo4j-lucene-index/2.1.2/neo4j-lucene-index-2.1.2.jar
2015-01-31 13:45:24.496+0000 INFO  [o.n.k.i.DiagnosticsManager]:  [bootstrap + classpath] C:\Program Files\Java\jdk1.7.0_71\jre\lib\rt.jar
2015-01-31 13:45:24.496+0000 INFO  [o.n.k.i.DiagnosticsManager]:  [bootstrap + classpath] C:\Program Files\Java\jdk1.7.0_71\jre\lib\resources.jar
2015-01-31 13:45:24.496+0000 INFO  [o.n.k.i.DiagnosticsManager]:  [classpath + loader.0] file:/C:/Users/Home/.m2/repository/ch/qos/logback/logback-classic/1.1.2/logback-classic-1.1.2.jar
2015-01-31 13:45:24.496+0000 INFO  [o.n.k.i.DiagnosticsManager]:  [loader.0] file:/C:/Program%20Files/Java/jdk1.7.0_71/jre/lib/charsets.jar
2015-01-31 13:45:24.496+0000 INFO  [o.n.k.i.DiagnosticsManager]:  [classpath] C:\Program Files\Java\jdk1.7.0_71\jre\lib\ext\jaccess.jar
2015-01-31 13:45:24.497+0000 INFO  [o.n.k.i.DiagnosticsManager]:  [classpath + loader.0] file:/C:/Users/Home/.m2/repository/org/scala-lang/scala-library/2.10.4/scala-library-2.10.4.jar
2015-01-31 13:45:24.497+0000 INFO  [o.n.k.i.DiagnosticsManager]:  [classpath + loader.0] file:/C:/Users/Home/.m2/repository/org/springframework/boot/spring-boot/1.1.10.RELEASE/spring-boot-1.1.10.RELEASE.jar
2015-01-31 13:45:24.497+0000 INFO  [o.n.k.i.DiagnosticsManager]:  [loader.0] file:/C:/Program%20Files/Java/jdk1.7.0_71/jre/lib/jfxrt.jar
2015-01-31 13:45:24.497+0000 INFO  [o.n.k.i.DiagnosticsManager]:  [classpath + loader.0] file:/C:/Users/Home/.m2/repository/org/springframework/boot/spring-boot-starter/1.1.10.RELEASE/spring-boot-starter-1.1.10.RELEASE.jar
2015-01-31 13:45:24.497+0000 INFO  [o.n.k.i.DiagnosticsManager]:  [classpath] C:\Program Files\Java\jdk1.7.0_71\jre\lib\ext\sunmscapi.jar
2015-01-31 13:45:24.497+0000 INFO  [o.n.k.i.DiagnosticsManager]:  [classpath + loader.0] file:/C:/Users/Home/.m2/repository/org/jboss/logging/jboss-logging/3.1.1.GA/jboss-logging-3.1.1.GA.jar
2015-01-31 13:45:24.497+0000 INFO  [o.n.k.i.DiagnosticsManager]:  [classpath + loader.0] file:/C:/Users/Home/.m2/repository/org/neo4j/neo4j-cypher-compiler-2.0/2.0.3/neo4j-cypher-compiler-2.0-2.0.3.jar
2015-01-31 13:45:24.498+0000 INFO  [o.n.k.i.DiagnosticsManager]:  [classpath + loader.0] file:/C:/Users/Home/.m2/repository/org/hibernate/hibernate-validator/5.0.3.Final/hibernate-validator-5.0.3.Final.jar
2015-01-31 13:45:24.498+0000 INFO  [o.n.k.i.DiagnosticsManager]:  [classpath] C:\Program Files\Java\jdk1.7.0_71\jre\lib\plugin.jar
2015-01-31 13:45:24.498+0000 INFO  [o.n.k.i.DiagnosticsManager]:  [loader.1] file:/C:/Program%20Files/Java/jdk1.7.0_71/jre/lib/ext/sunjce_provider.jar
2015-01-31 13:45:24.498+0000 INFO  [o.n.k.i.DiagnosticsManager]:  [classpath] C:\Program Files\Java\jdk1.7.0_71\jre\lib\javaws.jar
2015-01-31 13:45:24.498+0000 INFO  [o.n.k.i.DiagnosticsManager]:  [classpath + loader.0] file:/C:/Users/Home/.m2/repository/org/springframework/spring-aop/4.0.8.RELEASE/spring-aop-4.0.8.RELEASE.jar
2015-01-31 13:45:24.498+0000 INFO  [o.n.k.i.DiagnosticsManager]:  [bootstrap] C:\Program Files\Java\jdk1.7.0_71\jre\classes
2015-01-31 13:45:24.498+0000 INFO  [o.n.k.i.DiagnosticsManager]:  [classpath] C:\Program Files\Java\jdk1.7.0_71\jre\lib\deploy.jar
2015-01-31 13:45:24.498+0000 INFO  [o.n.k.i.DiagnosticsManager]:  [loader.0] file:/C:/Program%20Files/Java/jdk1.7.0_71/jre/lib/resources.jar
2015-01-31 13:45:24.499+0000 INFO  [o.n.k.i.DiagnosticsManager]:  [loader.0] file:/C:/Program%20Files/Java/jdk1.7.0_71/jre/lib/javaws.jar
2015-01-31 13:45:24.499+0000 INFO  [o.n.k.i.DiagnosticsManager]:  [classpath + loader.0] file:/C:/Users/Home/.m2/repository/org/slf4j/jcl-over-slf4j/1.7.7/jcl-over-slf4j-1.7.7.jar
2015-01-31 13:45:24.499+0000 INFO  [o.n.k.i.DiagnosticsManager]:  [classpath + loader.0] file:/C:/Users/Home/.m2/repository/javax/validation/validation-api/1.1.0.Final/validation-api-1.1.0.Final.jar
2015-01-31 13:45:24.499+0000 INFO  [o.n.k.i.DiagnosticsManager]:  [classpath + loader.0] file:/C:/Users/Home/.m2/repository/org/springframework/spring-core/4.0.8.RELEASE/spring-core-4.0.8.RELEASE.jar
2015-01-31 13:45:24.499+0000 INFO  [o.n.k.i.DiagnosticsManager]:  [loader.0] file:/C:/Program%20Files/Java/jdk1.7.0_71/jre/lib/jfr.jar
2015-01-31 13:45:24.499+0000 INFO  [o.n.k.i.DiagnosticsManager]:  [classpath + loader.0] file:/C:/Users/Home/.m2/repository/org/neo4j/neo4j-jmx/2.1.2/neo4j-jmx-2.1.2.jar
2015-01-31 13:45:24.499+0000 INFO  [o.n.k.i.DiagnosticsManager]:  [classpath + loader.0] file:/C:/Users/Home/.m2/repository/org/springframework/spring-context/4.0.8.RELEASE/spring-context-4.0.8.RELEASE.jar
2015-01-31 13:45:24.499+0000 INFO  [o.n.k.i.DiagnosticsManager]:  [classpath] C:\Program Files\Java\jdk1.7.0_71\jre\lib\ext\dnsns.jar
2015-01-31 13:45:24.500+0000 INFO  [o.n.k.i.DiagnosticsManager]:  [bootstrap + classpath] C:\Program Files\Java\jdk1.7.0_71\jre\lib\jfr.jar
2015-01-31 13:45:24.500+0000 INFO  [o.n.k.i.DiagnosticsManager]: Library path:
2015-01-31 13:45:24.501+0000 INFO  [o.n.k.i.DiagnosticsManager]: C:\Program Files\Java\jdk1.7.0_71\bin
2015-01-31 13:45:24.502+0000 INFO  [o.n.k.i.DiagnosticsManager]: C:\Windows\Sun\Java\bin
2015-01-31 13:45:24.503+0000 INFO  [o.n.k.i.DiagnosticsManager]: C:\Windows\System32
2015-01-31 13:45:24.503+0000 INFO  [o.n.k.i.DiagnosticsManager]: C:\Windows
2015-01-31 13:45:24.504+0000 INFO  [o.n.k.i.DiagnosticsManager]: C:\Program Files\Rtools\bin
2015-01-31 13:45:24.505+0000 INFO  [o.n.k.i.DiagnosticsManager]: C:\Program Files\Rtools\gcc-4.6.3\bin
2015-01-31 13:45:24.506+0000 INFO  [o.n.k.i.DiagnosticsManager]: C:\Program Files\Java\jre1.7.0\bin
2015-01-31 13:45:24.507+0000 INFO  [o.n.k.i.DiagnosticsManager]: C:\Program Files\Java\jdk1.7.0_71
2015-01-31 13:45:24.508+0000 INFO  [o.n.k.i.DiagnosticsManager]: C:\Development\apache-maven-3.2.3\bin
2015-01-31 13:45:24.509+0000 INFO  [o.n.k.i.DiagnosticsManager]: C:\Program Files (x86)\QuickTime\QTSystem
2015-01-31 13:45:24.510+0000 INFO  [o.n.k.i.DiagnosticsManager]: D:\Development\java\Account
2015-01-31 13:45:24.510+0000 INFO  [o.n.k.i.DiagnosticsManager]: System.properties:
2015-01-31 13:45:24.510+0000 INFO  [o.n.k.i.DiagnosticsManager]: sun.boot.library.path = C:\Program Files\Java\jdk1.7.0_71\jre\bin
2015-01-31 13:45:24.510+0000 INFO  [o.n.k.i.DiagnosticsManager]: path.separator = ;
2015-01-31 13:45:24.511+0000 INFO  [o.n.k.i.DiagnosticsManager]: idea.launcher.port = 7532
2015-01-31 13:45:24.511+0000 INFO  [o.n.k.i.DiagnosticsManager]: file.encoding.pkg = sun.io
2015-01-31 13:45:24.511+0000 INFO  [o.n.k.i.DiagnosticsManager]: user.country = US
2015-01-31 13:45:24.511+0000 INFO  [o.n.k.i.DiagnosticsManager]: user.script = 
2015-01-31 13:45:24.511+0000 INFO  [o.n.k.i.DiagnosticsManager]: sun.java.launcher = SUN_STANDARD
2015-01-31 13:45:24.511+0000 INFO  [o.n.k.i.DiagnosticsManager]: sun.os.patch.level = Service Pack 1
2015-01-31 13:45:24.511+0000 INFO  [o.n.k.i.DiagnosticsManager]: PID = 2828
2015-01-31 13:45:24.512+0000 INFO  [o.n.k.i.DiagnosticsManager]: user.dir = D:\Development\java\Account
2015-01-31 13:45:24.512+0000 INFO  [o.n.k.i.DiagnosticsManager]: org.jboss.logging.provider = slf4j
2015-01-31 13:45:24.512+0000 INFO  [o.n.k.i.DiagnosticsManager]: LOG_TEMP = C:/Users/Home/AppData/Local/Temp
2015-01-31 13:45:24.512+0000 INFO  [o.n.k.i.DiagnosticsManager]: user.variant = 
2015-01-31 13:45:24.512+0000 INFO  [o.n.k.i.DiagnosticsManager]: sun.jnu.encoding = Cp1252
2015-01-31 13:45:24.512+0000 INFO  [o.n.k.i.DiagnosticsManager]: sun.management.compiler = HotSpot 64-Bit Tiered Compilers
2015-01-31 13:45:24.513+0000 INFO  [o.n.k.i.DiagnosticsManager]: user.home = C:\Users\Home
2015-01-31 13:45:24.513+0000 INFO  [o.n.k.i.DiagnosticsManager]: user.timezone = America/New_York
2015-01-31 13:45:24.513+0000 INFO  [o.n.k.i.DiagnosticsManager]: file.encoding = UTF-8
2015-01-31 13:45:24.513+0000 INFO  [o.n.k.i.DiagnosticsManager]: idea.launcher.bin.path = C:\Program Files (x86)\JetBrains\IntelliJ IDEA Community Edition 14.0.2\bin
2015-01-31 13:45:24.513+0000 INFO  [o.n.k.i.DiagnosticsManager]: user.name = Home
2015-01-31 13:45:24.513+0000 INFO  [o.n.k.i.DiagnosticsManager]: sun.java.command = com.intellij.rt.execution.application.AppMain com.home.Application
2015-01-31 13:45:24.513+0000 INFO  [o.n.k.i.DiagnosticsManager]: sun.arch.data.model = 64
2015-01-31 13:45:24.513+0000 INFO  [o.n.k.i.DiagnosticsManager]: user.language = en
2015-01-31 13:45:24.514+0000 INFO  [o.n.k.i.DiagnosticsManager]: awt.toolkit = sun.awt.windows.WToolkit
2015-01-31 13:45:24.514+0000 INFO  [o.n.k.i.DiagnosticsManager]: file.separator = \
2015-01-31 13:45:24.514+0000 INFO  [o.n.k.i.DiagnosticsManager]: sun.io.unicode.encoding = UnicodeLittle
2015-01-31 13:45:24.514+0000 INFO  [o.n.k.i.DiagnosticsManager]: sun.cpu.endian = little
2015-01-31 13:45:24.514+0000 INFO  [o.n.k.i.DiagnosticsManager]: sun.desktop = windows
2015-01-31 13:45:24.514+0000 INFO  [o.n.k.i.DiagnosticsManager]: sun.cpu.isalist = amd64
2015-01-31 13:45:24.514+0000 INFO  [o.n.k.i.DiagnosticsManager]: Network information:
2015-01-31 13:45:25.435+0000 INFO  [o.n.k.i.DiagnosticsManager]: Interface Software Loopback Interface 1:
2015-01-31 13:45:25.436+0000 INFO  [o.n.k.i.DiagnosticsManager]:     address: 127.0.0.1
2015-01-31 13:45:25.437+0000 INFO  [o.n.k.i.DiagnosticsManager]:     address: 0:0:0:0:0:0:0:1
2015-01-31 13:45:25.437+0000 INFO  [o.n.k.i.DiagnosticsManager]: Interface WAN Miniport (SSTP):
2015-01-31 13:45:25.437+0000 INFO  [o.n.k.i.DiagnosticsManager]: Interface WAN Miniport (L2TP):
2015-01-31 13:45:25.438+0000 INFO  [o.n.k.i.DiagnosticsManager]: Interface WAN Miniport (PPTP):
2015-01-31 13:45:25.438+0000 INFO  [o.n.k.i.DiagnosticsManager]: Interface WAN Miniport (PPPOE):
2015-01-31 13:45:25.438+0000 INFO  [o.n.k.i.DiagnosticsManager]: Interface WAN Miniport (IPv6):
2015-01-31 13:45:25.438+0000 INFO  [o.n.k.i.DiagnosticsManager]: Interface WAN Miniport (Network Monitor):
2015-01-31 13:45:25.439+0000 INFO  [o.n.k.i.DiagnosticsManager]: Interface WAN Miniport (IP):
2015-01-31 13:45:25.439+0000 INFO  [o.n.k.i.DiagnosticsManager]: Interface RAS Async Adapter:
2015-01-31 13:45:25.439+0000 INFO  [o.n.k.i.DiagnosticsManager]: Interface WAN Miniport (IKEv2):
2015-01-31 13:45:25.439+0000 INFO  [o.n.k.i.DiagnosticsManager]: Interface Atheros AR9002WB-1NG Wireless Network Adapter:
2015-01-31 13:45:25.440+0000 INFO  [o.n.k.i.DiagnosticsManager]:     address: 192.168.1.107
2015-01-31 13:45:25.440+0000 INFO  [o.n.k.i.DiagnosticsManager]:     address: fe80:0:0:0:25b8:51e3:59e5:fbc1%11
2015-01-31 13:45:25.440+0000 INFO  [o.n.k.i.DiagnosticsManager]: Interface Bluetooth Device (Personal Area Network):
2015-01-31 13:45:25.440+0000 INFO  [o.n.k.i.DiagnosticsManager]:     address: fe80:0:0:0:9cf5:2cec:d4db:7749%12
2015-01-31 13:45:25.441+0000 INFO  [o.n.k.i.DiagnosticsManager]: Interface Bluetooth Device (RFCOMM Protocol TDI):
2015-01-31 13:45:25.441+0000 INFO  [o.n.k.i.DiagnosticsManager]: Interface Realtek PCIe GBE Family Controller:
2015-01-31 13:45:25.441+0000 INFO  [o.n.k.i.DiagnosticsManager]:     address: fe80:0:0:0:a08d:e9f2:fae3:1f1b%14
2015-01-31 13:45:25.441+0000 INFO  [o.n.k.i.DiagnosticsManager]: Interface Teredo Tunneling Pseudo-Interface:
2015-01-31 13:45:25.442+0000 INFO  [o.n.k.i.DiagnosticsManager]: Interface Teredo Tunneling Pseudo-Interface:
2015-01-31 13:45:25.442+0000 INFO  [o.n.k.i.DiagnosticsManager]: Interface Teredo Tunneling Pseudo-Interface:
2015-01-31 13:45:25.442+0000 INFO  [o.n.k.i.DiagnosticsManager]:     address: fe80:0:0:0:0:100:7f:fffe%17
2015-01-31 13:45:25.442+0000 INFO  [o.n.k.i.DiagnosticsManager]: Interface Atheros AR9002WB-1NG Wireless Network Adapter:
2015-01-31 13:45:25.443+0000 INFO  [o.n.k.i.DiagnosticsManager]: Interface VMware Virtual Ethernet Adapter for VMnet1:
2015-01-31 13:45:25.443+0000 INFO  [o.n.k.i.DiagnosticsManager]:     address: 169.254.117.17
2015-01-31 13:45:25.443+0000 INFO  [o.n.k.i.DiagnosticsManager]:     address: fe80:0:0:0:193d:4916:c2fa:7511%19
2015-01-31 13:45:25.443+0000 INFO  [o.n.k.i.DiagnosticsManager]: Interface VMware Virtual Ethernet Adapter for VMnet8:
2015-01-31 13:45:25.444+0000 INFO  [o.n.k.i.DiagnosticsManager]:     address: 192.168.237.1
2015-01-31 13:45:25.444+0000 INFO  [o.n.k.i.DiagnosticsManager]:     address: fe80:0:0:0:178:e6f7:f0cd:d9fb%20
2015-01-31 13:45:25.444+0000 INFO  [o.n.k.i.DiagnosticsManager]: Interface VirtualBox Host-Only Ethernet Adapter:
2015-01-31 13:45:25.444+0000 INFO  [o.n.k.i.DiagnosticsManager]:     address: 192.168.56.1
2015-01-31 13:45:25.445+0000 INFO  [o.n.k.i.DiagnosticsManager]:     address: fe80:0:0:0:fd68:bac8:d36d:c10a%21
2015-01-31 13:45:25.445+0000 INFO  [o.n.k.i.DiagnosticsManager]: Interface Atheros AR9002WB-1NG Wireless Network Adapter - VirtualBox Bridged Networking Driver Miniport:
2015-01-31 13:45:25.445+0000 INFO  [o.n.k.i.DiagnosticsManager]: Interface Atheros AR9002WB-1NG Wireless Network Adapter - VirtualBox Bridged Networking Driver Miniport:
2015-01-31 13:45:25.445+0000 INFO  [o.n.k.i.DiagnosticsManager]: Interface Realtek PCIe GBE Family Controller - VirtualBox Bridged Networking Driver Miniport:
2015-01-31 13:45:25.446+0000 INFO  [o.n.k.i.DiagnosticsManager]: Interface Microsoft ISATAP Adapter #3:
2015-01-31 13:45:25.446+0000 INFO  [o.n.k.i.DiagnosticsManager]: Interface Microsoft ISATAP Adapter #5:
2015-01-31 13:45:25.446+0000 INFO  [o.n.k.i.DiagnosticsManager]:     address: fe80:0:0:0:0:5efe:c0a8:3801%26
2015-01-31 13:45:25.446+0000 INFO  [o.n.k.i.DiagnosticsManager]: Interface Microsoft ISATAP Adapter:
2015-01-31 13:45:25.447+0000 INFO  [o.n.k.i.DiagnosticsManager]: Interface TeamViewer VPN Adapter:
2015-01-31 13:45:25.447+0000 INFO  [o.n.k.i.DiagnosticsManager]:     address: fe80:0:0:0:756b:de3f:1e50:6bf2%28
2015-01-31 13:45:25.447+0000 INFO  [o.n.k.i.DiagnosticsManager]: Interface TeamViewer VPN Adapter - VirtualBox Bridged Networking Driver Miniport:
2015-01-31 13:45:25.447+0000 INFO  [o.n.k.i.DiagnosticsManager]: Interface Microsoft ISATAP Adapter #4:
2015-01-31 13:45:25.448+0000 INFO  [o.n.k.i.DiagnosticsManager]: Interface Microsoft ISATAP Adapter #2:
2015-01-31 13:45:25.448+0000 INFO  [o.n.k.i.DiagnosticsManager]:     address: fe80:0:0:0:0:5efe:c0a8:ed01%31
2015-01-31 13:45:25.448+0000 INFO  [o.n.k.i.DiagnosticsManager]: Interface Microsoft ISATAP Adapter #8:
2015-01-31 13:45:25.448+0000 INFO  [o.n.k.i.DiagnosticsManager]:     address: fe80:0:0:0:0:5efe:c0a8:16b%32
2015-01-31 13:45:25.449+0000 INFO  [o.n.k.i.DiagnosticsManager]: Interface Microsoft ISATAP Adapter:
2015-01-31 13:45:25.449+0000 INFO  [o.n.k.i.DiagnosticsManager]:     address: fe80:0:0:0:0:5efe:a9fe:7511%33
2015-01-31 13:45:25.449+0000 INFO  [o.n.k.i.DiagnosticsManager]: Interface Microsoft ISATAP Adapter #6:
2015-01-31 13:45:25.449+0000 INFO  [o.n.k.i.DiagnosticsManager]: Interface Atheros AR9002WB-1NG Wireless Network Adapter-Virtual WiFi Filter Driver-0000:
2015-01-31 13:45:25.450+0000 INFO  [o.n.k.i.DiagnosticsManager]: Interface WAN Miniport (Network Monitor)-QoS Packet Scheduler-0000:
2015-01-31 13:45:25.450+0000 INFO  [o.n.k.i.DiagnosticsManager]: Interface WAN Miniport (IP)-QoS Packet Scheduler-0000:
2015-01-31 13:45:25.450+0000 INFO  [o.n.k.i.DiagnosticsManager]: Interface WAN Miniport (IPv6)-QoS Packet Scheduler-0000:
2015-01-31 13:45:25.450+0000 INFO  [o.n.k.i.DiagnosticsManager]: Interface VirtualBox Host-Only Ethernet Adapter-QoS Packet Scheduler-0000:
2015-01-31 13:45:25.451+0000 INFO  [o.n.k.i.DiagnosticsManager]: Interface VirtualBox Host-Only Ethernet Adapter-WFP LightWeight Filter-0000:
2015-01-31 13:45:25.451+0000 INFO  [o.n.k.i.DiagnosticsManager]: Interface TeamViewer VPN Adapter - VirtualBox Bridged Networking Driver Miniport-QoS Packet Scheduler-0000:
2015-01-31 13:45:25.451+0000 INFO  [o.n.k.i.DiagnosticsManager]: Interface TeamViewer VPN Adapter - VirtualBox Bridged Networking Driver Miniport-WFP LightWeight Filter-0000:
2015-01-31 13:45:25.451+0000 INFO  [o.n.k.i.DiagnosticsManager]: Interface Realtek PCIe GBE Family Controller - VirtualBox Bridged Networking Driver Miniport-QoS Packet Scheduler-0000:
2015-01-31 13:45:25.452+0000 INFO  [o.n.k.i.DiagnosticsManager]: Interface Realtek PCIe GBE Family Controller - VirtualBox Bridged Networking Driver Miniport-WFP LightWeight Filter-0000:
2015-01-31 13:45:25.452+0000 INFO  [o.n.k.i.DiagnosticsManager]: Interface Atheros AR9002WB-1NG Wireless Network Adapter-Native WiFi Filter Driver-0000:
2015-01-31 13:45:25.452+0000 INFO  [o.n.k.i.DiagnosticsManager]: Interface Atheros AR9002WB-1NG Wireless Network Adapter - VirtualBox Bridged Networking Driver Miniport-QoS Packet Scheduler-0000:
2015-01-31 13:45:25.452+0000 INFO  [o.n.k.i.DiagnosticsManager]: Interface Atheros AR9002WB-1NG Wireless Network Adapter - VirtualBox Bridged Networking Driver Miniport-WFP LightWeight Filter-0000:
2015-01-31 13:45:25.453+0000 INFO  [o.n.k.i.DiagnosticsManager]: Interface Microsoft ISATAP Adapter #7:
2015-01-31 13:45:25.453+0000 INFO  [o.n.k.i.DiagnosticsManager]: --- INITIALIZED diagnostics END ---
2015-01-31 13:45:26.224+0000 INFO  [o.n.k.i.n.s.StoreFactory]: Creating new db @ accessingdataneo4j.db\neostore
2015-01-31 13:45:28.071+0000 INFO  [o.n.k.i.n.s.StoreFactory]: [accessingdataneo4j.db\neostore.relationshiptypestore.db.names] brickCount=0 brickSize=0b mappedMem=0b (storeSize=38b)
2015-01-31 13:45:28.199+0000 INFO  [o.n.k.i.n.s.StoreFactory]: [accessingdataneo4j.db\neostore.relationshiptypestore.db] brickCount=0 brickSize=0b mappedMem=0b (storeSize=0b)
2015-01-31 13:45:28.217+0000 INFO  [o.n.k.i.n.s.StoreFactory]: accessingdataneo4j.db\neostore.relationshiptypestore.db.names hit=0 miss=0 switches=0 ooe=0
2015-01-31 13:45:28.292+0000 INFO  [o.n.k.i.n.s.StoreFactory]: accessingdataneo4j.db\neostore.relationshiptypestore.db hit=0 miss=0 switches=0 ooe=0
2015-01-31 13:45:28.471+0000 INFO  [o.n.k.i.n.s.StoreFactory]: [accessingdataneo4j.db\neostore.labeltokenstore.db.names] brickCount=0 brickSize=0b mappedMem=0b (storeSize=38b)
2015-01-31 13:45:28.475+0000 INFO  [o.n.k.i.n.s.StoreFactory]: [accessingdataneo4j.db\neostore.labeltokenstore.db] brickCount=0 brickSize=0b mappedMem=0b (storeSize=0b)
2015-01-31 13:45:28.489+0000 INFO  [o.n.k.i.n.s.StoreFactory]: accessingdataneo4j.db\neostore.labeltokenstore.db.names hit=0 miss=0 switches=0 ooe=0
2015-01-31 13:45:28.567+0000 INFO  [o.n.k.i.n.s.StoreFactory]: accessingdataneo4j.db\neostore.labeltokenstore.db hit=0 miss=0 switches=0 ooe=0
2015-01-31 13:45:29.041+0000 INFO  [o.n.k.i.n.s.StoreFactory]: [accessingdataneo4j.db\neostore.relationshiptypestore.db.names] brickCount=0 brickSize=0b mappedMem=0b (storeSize=38b)
2015-01-31 13:45:29.043+0000 INFO  [o.n.k.i.n.s.StoreFactory]: [accessingdataneo4j.db\neostore.relationshiptypestore.db] brickCount=0 brickSize=0b mappedMem=0b (storeSize=0b)
2015-01-31 13:45:29.045+0000 INFO  [o.n.k.i.n.s.StoreFactory]: [accessingdataneo4j.db\neostore.labeltokenstore.db.names] brickCount=0 brickSize=0b mappedMem=0b (storeSize=38b)
2015-01-31 13:45:29.046+0000 INFO  [o.n.k.i.n.s.StoreFactory]: [accessingdataneo4j.db\neostore.labeltokenstore.db] brickCount=0 brickSize=0b mappedMem=0b (storeSize=0b)
2015-01-31 13:45:29.048+0000 INFO  [o.n.k.i.n.s.StoreFactory]: [accessingdataneo4j.db\neostore.propertystore.db.strings] brickCount=0 brickSize=73344b mappedMem=73400320b (storeSize=128b)
2015-01-31 13:45:29.050+0000 INFO  [o.n.k.i.n.s.StoreFactory]: [accessingdataneo4j.db\neostore.propertystore.db.index.keys] brickCount=0 brickSize=0b mappedMem=0b (storeSize=38b)
2015-01-31 13:45:29.054+0000 INFO  [o.n.k.i.n.s.StoreFactory]: [accessingdataneo4j.db\neostore.propertystore.db.index] brickCount=0 brickSize=0b mappedMem=0b (storeSize=0b)
2015-01-31 13:45:29.056+0000 INFO  [o.n.k.i.n.s.StoreFactory]: [accessingdataneo4j.db\neostore.propertystore.db.arrays] brickCount=0 brickSize=82816b mappedMem=82837504b (storeSize=128b)
2015-01-31 13:45:29.136+0000 INFO  [o.n.k.i.n.s.StoreFactory]: [accessingdataneo4j.db\neostore.propertystore.db] brickCount=0 brickSize=859811b mappedMem=85983232b (storeSize=0b)
2015-01-31 13:45:29.387+0000 INFO  [o.n.k.i.n.s.StoreFactory]: [accessingdataneo4j.db\neostore.relationshipstore.db] brickCount=0 brickSize=1048560b mappedMem=104857600b (storeSize=0b)
2015-01-31 13:45:29.389+0000 INFO  [o.n.k.i.n.s.StoreFactory]: [accessingdataneo4j.db\neostore.nodestore.db.labels] brickCount=0 brickSize=0b mappedMem=0b (storeSize=68b)
2015-01-31 13:45:29.414+0000 INFO  [o.n.k.i.n.s.StoreFactory]: [accessingdataneo4j.db\neostore.nodestore.db] brickCount=0 brickSize=230685b mappedMem=23068672b (storeSize=0b)
2015-01-31 13:45:29.416+0000 INFO  [o.n.k.i.n.s.StoreFactory]: [accessingdataneo4j.db\neostore.schemastore.db] brickCount=0 brickSize=0b mappedMem=0b (storeSize=64b)
2015-01-31 13:45:29.422+0000 INFO  [o.n.k.i.n.s.StoreFactory]: [accessingdataneo4j.db\neostore.relationshipgroupstore.db] brickCount=0 brickSize=0b mappedMem=0b (storeSize=25b)
2015-01-31 13:45:29.425+0000 INFO  [o.n.k.i.n.s.StoreFactory]: [accessingdataneo4j.db\neostore] brickCount=0 brickSize=0b mappedMem=0b (storeSize=0b)
2015-01-31 13:45:29.551+0000 INFO  [o.n.k.i.n.s.StoreFactory]: accessingdataneo4j.db\neostore.relationshiptypestore.db.names hit=0 miss=0 switches=0 ooe=0
2015-01-31 13:45:29.646+0000 INFO  [o.n.k.i.n.s.StoreFactory]: accessingdataneo4j.db\neostore.relationshiptypestore.db hit=0 miss=0 switches=0 ooe=0
2015-01-31 13:45:29.768+0000 INFO  [o.n.k.i.n.s.StoreFactory]: accessingdataneo4j.db\neostore.labeltokenstore.db.names hit=0 miss=0 switches=0 ooe=0
2015-01-31 13:45:29.827+0000 INFO  [o.n.k.i.n.s.StoreFactory]: accessingdataneo4j.db\neostore.labeltokenstore.db hit=0 miss=0 switches=0 ooe=0
2015-01-31 13:45:29.993+0000 INFO  [o.n.k.i.n.s.StoreFactory]: accessingdataneo4j.db\neostore.propertystore.db.strings hit=0 miss=0 switches=0 ooe=0
2015-01-31 13:45:30.076+0000 INFO  [o.n.k.i.n.s.StoreFactory]: accessingdataneo4j.db\neostore.propertystore.db.index.keys hit=0 miss=0 switches=0 ooe=0
2015-01-31 13:45:30.210+0000 INFO  [o.n.k.i.n.s.StoreFactory]: accessingdataneo4j.db\neostore.propertystore.db.index hit=0 miss=0 switches=0 ooe=0
2015-01-31 13:45:30.334+0000 INFO  [o.n.k.i.n.s.StoreFactory]: accessingdataneo4j.db\neostore.propertystore.db.arrays hit=0 miss=0 switches=0 ooe=0
2015-01-31 13:45:30.464+0000 INFO  [o.n.k.i.n.s.StoreFactory]: accessingdataneo4j.db\neostore.propertystore.db hit=0 miss=0 switches=0 ooe=0
2015-01-31 13:45:30.505+0000 INFO  [o.n.k.i.n.s.StoreFactory]: accessingdataneo4j.db\neostore.relationshipstore.db hit=0 miss=0 switches=0 ooe=0
2015-01-31 13:45:30.520+0000 INFO  [o.n.k.i.n.s.StoreFactory]: accessingdataneo4j.db\neostore.nodestore.db.labels hit=0 miss=0 switches=0 ooe=0
2015-01-31 13:45:30.532+0000 INFO  [o.n.k.i.n.s.StoreFactory]: accessingdataneo4j.db\neostore.nodestore.db hit=0 miss=0 switches=0 ooe=0
2015-01-31 13:45:30.545+0000 INFO  [o.n.k.i.n.s.StoreFactory]: accessingdataneo4j.db\neostore.schemastore.db hit=0 miss=0 switches=0 ooe=0
2015-01-31 13:45:30.562+0000 INFO  [o.n.k.i.n.s.StoreFactory]: accessingdataneo4j.db\neostore.relationshipgroupstore.db hit=0 miss=0 switches=0 ooe=0
2015-01-31 13:45:30.577+0000 INFO  [o.n.k.i.n.s.StoreFactory]: accessingdataneo4j.db\neostore hit=0 miss=8 switches=0 ooe=0
2015-01-31 13:45:30.650+0000 INFO  [o.n.k.i.n.s.StoreFactory]: [accessingdataneo4j.db\neostore.relationshiptypestore.db.names] brickCount=0 brickSize=0b mappedMem=0b (storeSize=38b)
2015-01-31 13:45:30.652+0000 INFO  [o.n.k.i.n.s.StoreFactory]: [accessingdataneo4j.db\neostore.relationshiptypestore.db] brickCount=0 brickSize=0b mappedMem=0b (storeSize=0b)
2015-01-31 13:45:30.654+0000 INFO  [o.n.k.i.n.s.StoreFactory]: [accessingdataneo4j.db\neostore.labeltokenstore.db.names] brickCount=0 brickSize=0b mappedMem=0b (storeSize=38b)
2015-01-31 13:45:30.656+0000 INFO  [o.n.k.i.n.s.StoreFactory]: [accessingdataneo4j.db\neostore.labeltokenstore.db] brickCount=0 brickSize=0b mappedMem=0b (storeSize=0b)
2015-01-31 13:45:30.658+0000 INFO  [o.n.k.i.n.s.StoreFactory]: [accessingdataneo4j.db\neostore.propertystore.db.strings] brickCount=0 brickSize=73344b mappedMem=73400320b (storeSize=128b)
2015-01-31 13:45:30.659+0000 INFO  [o.n.k.i.n.s.StoreFactory]: [accessingdataneo4j.db\neostore.propertystore.db.index.keys] brickCount=0 brickSize=0b mappedMem=0b (storeSize=38b)
2015-01-31 13:45:30.661+0000 INFO  [o.n.k.i.n.s.StoreFactory]: [accessingdataneo4j.db\neostore.propertystore.db.index] brickCount=0 brickSize=0b mappedMem=0b (storeSize=0b)
2015-01-31 13:45:30.663+0000 INFO  [o.n.k.i.n.s.StoreFactory]: [accessingdataneo4j.db\neostore.propertystore.db.arrays] brickCount=0 brickSize=82816b mappedMem=82837504b (storeSize=128b)
2015-01-31 13:45:30.665+0000 INFO  [o.n.k.i.n.s.StoreFactory]: [accessingdataneo4j.db\neostore.propertystore.db] brickCount=0 brickSize=859811b mappedMem=85983232b (storeSize=0b)
2015-01-31 13:45:30.666+0000 INFO  [o.n.k.i.n.s.StoreFactory]: [accessingdataneo4j.db\neostore.relationshipstore.db] brickCount=0 brickSize=1048560b mappedMem=104857600b (storeSize=0b)
2015-01-31 13:45:30.668+0000 INFO  [o.n.k.i.n.s.StoreFactory]: [accessingdataneo4j.db\neostore.nodestore.db.labels] brickCount=0 brickSize=0b mappedMem=0b (storeSize=68b)
2015-01-31 13:45:30.670+0000 INFO  [o.n.k.i.n.s.StoreFactory]: [accessingdataneo4j.db\neostore.nodestore.db] brickCount=0 brickSize=230685b mappedMem=23068672b (storeSize=0b)
2015-01-31 13:45:30.672+0000 INFO  [o.n.k.i.n.s.StoreFactory]: [accessingdataneo4j.db\neostore.schemastore.db] brickCount=0 brickSize=0b mappedMem=0b (storeSize=64b)
2015-01-31 13:45:30.674+0000 INFO  [o.n.k.i.n.s.StoreFactory]: [accessingdataneo4j.db\neostore.relationshipgroupstore.db] brickCount=0 brickSize=0b mappedMem=0b (storeSize=25b)
2015-01-31 13:45:30.676+0000 INFO  [o.n.k.i.n.s.StoreFactory]: [accessingdataneo4j.db\neostore] brickCount=0 brickSize=0b mappedMem=0b (storeSize=63b)
2015-01-31 13:45:31.203+0000 INFO  [o.n.k.a.i.i.LuceneLabelScanStore]: No lucene scan store index found, this might just be first use. Preparing to rebuild.
2015-01-31 13:45:31.315+0000 INFO  [o.n.k.a.i.i.LuceneLabelScanStore]: No lucene scan store index found, this might just be first use. Preparing to rebuild.
2015-01-31 13:45:31.769+0000 INFO  [o.n.k.i.t.x.XaLogicalLog]: Opened logical log [accessingdataneo4j.db\nioneo_logical.log.1] version=0, lastTxId=1 (clean)
2015-01-31 13:45:31.783+0000 INFO  [o.n.k.a.i.i.LuceneLabelScanStore]: Rebuilding lucene scan store, this may take a while
2015-01-31 13:45:31.788+0000 INFO  [o.n.k.a.i.i.LuceneLabelScanStore]: Lucene scan store rebuilt (roughly -1 nodes)
2015-01-31 13:45:31.835+0000 INFO  [o.n.k.i.t.TxManager]: TM new log: tm_tx_log.1
2015-01-31 13:45:31.887+0000 INFO  [o.n.k.i.t.KernelHealth]: Kernel health set to OK
2015-01-31 13:45:31.924+0000 INFO  [o.n.k.i.t.x.XaLogicalLog]: Opened logical log [accessingdataneo4j.db\index\lucene.log.1] version=0, lastTxId=1 (clean)
2015-01-31 13:45:31.938+0000 INFO  [o.n.k.i.DiagnosticsManager]: --- STARTED diagnostics for KernelDiagnostics:Versions START ---
2015-01-31 13:45:31.939+0000 INFO  [o.n.k.i.DiagnosticsManager]: Graph Database: org.neo4j.kernel.EmbeddedGraphDatabase StoreId[time:1422711926241, id:-2142760791143334204, store version: -2]
2015-01-31 13:45:31.939+0000 INFO  [o.n.k.i.DiagnosticsManager]: Kernel version: Neo4j - Graph Database Kernel (neo4j-kernel), version: 2.1.2
2015-01-31 13:45:31.939+0000 INFO  [o.n.k.i.DiagnosticsManager]: Neo4j component versions:
2015-01-31 13:45:31.952+0000 INFO  [o.n.k.i.DiagnosticsManager]:   Neo4j - JMX support (neo4j-jmx), version: 2.1.2; revision: 2.1.2:2.1-maint:368/a9f79e31a8ba7741da20887c795d354ac33d6ab7
2015-01-31 13:45:31.953+0000 INFO  [o.n.k.i.DiagnosticsManager]:   Neo4j - Lucene Index (neo4j-lucene-index), version: 2.1.2; revision: 2.1.2:2.1-maint:368/a9f79e31a8ba7741da20887c795d354ac33d6ab7
2015-01-31 13:45:31.953+0000 INFO  [o.n.k.i.DiagnosticsManager]:   Neo4j - Graph Matching (neo4j-graph-matching), version: 2.1.2; revision: 2.1.2:2.1-maint:368/a9f79e31a8ba7741da20887c795d354ac33d6ab7
2015-01-31 13:45:31.953+0000 INFO  [o.n.k.i.DiagnosticsManager]:   Neo4j - Cypher (neo4j-cypher), version: 2.1.2; revision: 2.1.2:2.1-maint:368/a9f79e31a8ba7741da20887c795d354ac33d6ab7
2015-01-31 13:45:31.953+0000 INFO  [o.n.k.i.DiagnosticsManager]:   Neo4j - Graph Database Kernel (neo4j-kernel), version: 2.1.2; revision: 2.1.2:2.1-maint:368/a9f79e31a8ba7741da20887c795d354ac33d6ab7
2015-01-31 13:45:31.953+0000 INFO  [o.n.k.i.DiagnosticsManager]:   Neo4j - Cypher Compiler 2.0 (neo4j-cypher-compiler-2.0), version: 2.0.3; revision: 2.0.3:2.0-maint:72/307c563c11b75fdc71cfa6df05daf9b08d6c37dc
2015-01-31 13:45:31.953+0000 INFO  [o.n.k.i.DiagnosticsManager]:   Neo4j - Graph Algorithms (neo4j-graph-algo), version: 2.1.2; revision: 2.1.2:2.1-maint:368/a9f79e31a8ba7741da20887c795d354ac33d6ab7
2015-01-31 13:45:31.953+0000 INFO  [o.n.k.i.DiagnosticsManager]:   Neo4j Community (neo4j), version: 2.1.2; revision: 2.1.2:2.1-maint:368/a9f79e31a8ba7741da20887c795d354ac33d6ab7
2015-01-31 13:45:31.954+0000 INFO  [o.n.k.i.DiagnosticsManager]:   Neo4j - Cypher Compiler 1.9 (neo4j-cypher-compiler-1.9), version: 2.0.3; revision: 2.0.3:2.0-maint:72/307c563c11b75fdc71cfa6df05daf9b08d6c37dc
2015-01-31 13:45:31.954+0000 INFO  [o.n.k.i.DiagnosticsManager]:   neo4j-udc, version: 2.1.2; revision: 2.1.2:2.1-maint:368/a9f79e31a8ba7741da20887c795d354ac33d6ab7
2015-01-31 13:45:31.954+0000 INFO  [o.n.k.i.DiagnosticsManager]:   Neo4j - Cypher Commons (neo4j-cypher-commons), version: 2.1.2; revision: 2.1.2:2.1-maint:368/a9f79e31a8ba7741da20887c795d354ac33d6ab7
2015-01-31 13:45:31.954+0000 INFO  [o.n.k.i.DiagnosticsManager]: --- STARTED diagnostics for KernelDiagnostics:Versions END ---
2015-01-31 13:45:31.992+0000 INFO  [o.n.k.i.DiagnosticsManager]: --- STARTED diagnostics for NEO_STORE_VERSIONS START ---
2015-01-31 13:45:31.994+0000 INFO  [o.n.k.i.DiagnosticsManager]: Store versions:
2015-01-31 13:45:31.994+0000 INFO  [o.n.k.i.DiagnosticsManager]: Store versions:
2015-01-31 13:45:31.994+0000 INFO  [o.n.k.i.DiagnosticsManager]:   NeoStore v0.A.3
2015-01-31 13:45:31.994+0000 INFO  [o.n.k.i.DiagnosticsManager]:   SchemaStore v0.A.3
2015-01-31 13:45:31.994+0000 INFO  [o.n.k.i.DiagnosticsManager]:   NodeStore v0.A.3
2015-01-31 13:45:31.994+0000 INFO  [o.n.k.i.DiagnosticsManager]:   RelationshipStore v0.A.3
2015-01-31 13:45:31.994+0000 INFO  [o.n.k.i.DiagnosticsManager]:   RelationshipTypeStore v0.A.3
2015-01-31 13:45:31.995+0000 INFO  [o.n.k.i.DiagnosticsManager]:   LabelTokenStore v0.A.3
2015-01-31 13:45:31.995+0000 INFO  [o.n.k.i.DiagnosticsManager]:   PropertyStore v0.A.3
2015-01-31 13:45:31.995+0000 INFO  [o.n.k.i.DiagnosticsManager]:   PropertyIndexStore v0.A.3
2015-01-31 13:45:31.995+0000 INFO  [o.n.k.i.DiagnosticsManager]:   StringPropertyStore v0.A.3
2015-01-31 13:45:31.995+0000 INFO  [o.n.k.i.DiagnosticsManager]:   ArrayPropertyStore v0.A.3
2015-01-31 13:45:31.995+0000 INFO  [o.n.k.i.DiagnosticsManager]:   RelationshipGroupStore v0.A.3
2015-01-31 13:45:31.995+0000 INFO  [o.n.k.i.DiagnosticsManager]: --- STARTED diagnostics for NEO_STORE_VERSIONS END ---
2015-01-31 13:45:31.995+0000 INFO  [o.n.k.i.DiagnosticsManager]: --- STARTED diagnostics for NEO_STORE_ID_USAGE START ---
2015-01-31 13:45:31.996+0000 INFO  [o.n.k.i.DiagnosticsManager]: Id usage:
2015-01-31 13:45:31.996+0000 INFO  [o.n.k.i.DiagnosticsManager]: Id usage:
2015-01-31 13:45:31.996+0000 INFO  [o.n.k.i.DiagnosticsManager]:   SchemaStore: used=1 high=0
2015-01-31 13:45:31.996+0000 INFO  [o.n.k.i.DiagnosticsManager]:   NodeStore: used=0 high=-1
2015-01-31 13:45:31.997+0000 INFO  [o.n.k.i.DiagnosticsManager]:   RelationshipStore: used=0 high=-1
2015-01-31 13:45:31.997+0000 INFO  [o.n.k.i.DiagnosticsManager]:   RelationshipTypeStore: used=0 high=-1
2015-01-31 13:45:31.997+0000 INFO  [o.n.k.i.DiagnosticsManager]:   LabelTokenStore: used=0 high=-1
2015-01-31 13:45:31.997+0000 INFO  [o.n.k.i.DiagnosticsManager]:   PropertyStore: used=0 high=-1
2015-01-31 13:45:31.998+0000 INFO  [o.n.k.i.DiagnosticsManager]:   PropertyIndexStore: used=0 high=-1
2015-01-31 13:45:31.998+0000 INFO  [o.n.k.i.DiagnosticsManager]:   StringPropertyStore: used=1 high=0
2015-01-31 13:45:31.998+0000 INFO  [o.n.k.i.DiagnosticsManager]:   ArrayPropertyStore: used=1 high=0
2015-01-31 13:45:31.999+0000 INFO  [o.n.k.i.DiagnosticsManager]:   RelationshipGroupStore: used=1 high=0
2015-01-31 13:45:31.999+0000 INFO  [o.n.k.i.DiagnosticsManager]: --- STARTED diagnostics for NEO_STORE_ID_USAGE END ---
2015-01-31 13:45:31.999+0000 INFO  [o.n.k.i.DiagnosticsManager]: --- STARTED diagnostics for PERSISTENCE_WINDOW_POOL_STATS START ---
2015-01-31 13:45:31.999+0000 INFO  [o.n.k.i.DiagnosticsManager]: --- STARTED diagnostics for PERSISTENCE_WINDOW_POOL_STATS END ---
2015-01-31 13:45:32.000+0000 INFO  [o.n.k.i.DiagnosticsManager]: --- STARTED diagnostics for KernelDiagnostics:StoreFiles START ---
2015-01-31 13:45:32.003+0000 INFO  [o.n.k.i.DiagnosticsManager]: Disk space on partition (Total / Free / Free %): 526660923392 / 505642921984 / 96
Storage files: (filename : modification date - size)
2015-01-31 13:45:32.007+0000 INFO  [o.n.k.i.DiagnosticsManager]:   active_tx_log: 2015-01-31T08:45:31-0500 - 11.00 B
2015-01-31 13:45:32.008+0000 INFO  [o.n.k.i.DiagnosticsManager]:   index:
2015-01-31 13:45:32.009+0000 INFO  [o.n.k.i.DiagnosticsManager]:     lucene-store.db: 2015-01-31T08:45:31-0500 - 40.00 B
2015-01-31 13:45:32.009+0000 INFO  [o.n.k.i.DiagnosticsManager]:     lucene.log.1: 2015-01-31T08:45:31-0500 - 16.00 B
2015-01-31 13:45:32.010+0000 INFO  [o.n.k.i.DiagnosticsManager]:     lucene.log.active: 2015-01-31T08:45:31-0500 - 4.00 B
2015-01-31 13:45:32.011+0000 INFO  [o.n.k.i.DiagnosticsManager]:   - Total: 2015-01-31T08:45:31-0500 - 60.00 B
2015-01-31 13:45:32.011+0000 INFO  [o.n.k.i.DiagnosticsManager]:   lock: 2015-01-31T08:45:26-0500 - 0.00 B
2015-01-31 13:45:32.012+0000 INFO  [o.n.k.i.DiagnosticsManager]:   messages.log: 2015-01-31T08:45:24-0500 - 48.72 kB
2015-01-31 13:45:32.013+0000 INFO  [o.n.k.i.DiagnosticsManager]:   neostore: 2015-01-31T08:45:30-0500 - 63.00 B
2015-01-31 13:45:32.014+0000 INFO  [o.n.k.i.DiagnosticsManager]:   neostore.id: 2015-01-31T08:45:30-0500 - 9.00 B
2015-01-31 13:45:32.014+0000 INFO  [o.n.k.i.DiagnosticsManager]:   neostore.labeltokenstore.db: 2015-01-31T08:45:30-0500 - 0.00 B
2015-01-31 13:45:32.015+0000 INFO  [o.n.k.i.DiagnosticsManager]:   neostore.labeltokenstore.db.id: 2015-01-31T08:45:29-0500 - 9.00 B
2015-01-31 13:45:32.016+0000 INFO  [o.n.k.i.DiagnosticsManager]:   neostore.labeltokenstore.db.names: 2015-01-31T08:45:30-0500 - 38.00 B
2015-01-31 13:45:32.016+0000 INFO  [o.n.k.i.DiagnosticsManager]:   neostore.labeltokenstore.db.names.id: 2015-01-31T08:45:29-0500 - 9.00 B
2015-01-31 13:45:32.017+0000 INFO  [o.n.k.i.DiagnosticsManager]:   neostore.nodestore.db: 2015-01-31T08:45:30-0500 - 0.00 B
2015-01-31 13:45:32.018+0000 INFO  [o.n.k.i.DiagnosticsManager]:   neostore.nodestore.db.id: 2015-01-31T08:45:30-0500 - 9.00 B
2015-01-31 13:45:32.018+0000 INFO  [o.n.k.i.DiagnosticsManager]:   neostore.nodestore.db.labels: 2015-01-31T08:45:30-0500 - 68.00 B
2015-01-31 13:45:32.019+0000 INFO  [o.n.k.i.DiagnosticsManager]:   neostore.nodestore.db.labels.id: 2015-01-31T08:45:30-0500 - 9.00 B
2015-01-31 13:45:32.020+0000 INFO  [o.n.k.i.DiagnosticsManager]:   neostore.propertystore.db: 2015-01-31T08:45:30-0500 - 0.00 B
2015-01-31 13:45:32.020+0000 INFO  [o.n.k.i.DiagnosticsManager]:   neostore.propertystore.db.arrays: 2015-01-31T08:45:30-0500 - 128.00 B
2015-01-31 13:45:32.021+0000 INFO  [o.n.k.i.DiagnosticsManager]:   neostore.propertystore.db.arrays.id: 2015-01-31T08:45:30-0500 - 9.00 B
2015-01-31 13:45:32.022+0000 INFO  [o.n.k.i.DiagnosticsManager]:   neostore.propertystore.db.id: 2015-01-31T08:45:30-0500 - 9.00 B
2015-01-31 13:45:32.022+0000 INFO  [o.n.k.i.DiagnosticsManager]:   neostore.propertystore.db.index: 2015-01-31T08:45:30-0500 - 0.00 B
2015-01-31 13:45:32.023+0000 INFO  [o.n.k.i.DiagnosticsManager]:   neostore.propertystore.db.index.id: 2015-01-31T08:45:30-0500 - 9.00 B
2015-01-31 13:45:32.024+0000 INFO  [o.n.k.i.DiagnosticsManager]:   neostore.propertystore.db.index.keys: 2015-01-31T08:45:30-0500 - 38.00 B
2015-01-31 13:45:32.024+0000 INFO  [o.n.k.i.DiagnosticsManager]:   neostore.propertystore.db.index.keys.id: 2015-01-31T08:45:30-0500 - 9.00 B
2015-01-31 13:45:32.025+0000 INFO  [o.n.k.i.DiagnosticsManager]:   neostore.propertystore.db.strings: 2015-01-31T08:45:30-0500 - 128.00 B
2015-01-31 13:45:32.025+0000 INFO  [o.n.k.i.DiagnosticsManager]:   neostore.propertystore.db.strings.id: 2015-01-31T08:45:30-0500 - 9.00 B
2015-01-31 13:45:32.026+0000 INFO  [o.n.k.i.DiagnosticsManager]:   neostore.relationshipgroupstore.db: 2015-01-31T08:45:30-0500 - 25.00 B
2015-01-31 13:45:32.027+0000 INFO  [o.n.k.i.DiagnosticsManager]:   neostore.relationshipgroupstore.db.id: 2015-01-31T08:45:30-0500 - 9.00 B
2015-01-31 13:45:32.027+0000 INFO  [o.n.k.i.DiagnosticsManager]:   neostore.relationshipstore.db: 2015-01-31T08:45:30-0500 - 0.00 B
2015-01-31 13:45:32.028+0000 INFO  [o.n.k.i.DiagnosticsManager]:   neostore.relationshipstore.db.id: 2015-01-31T08:45:30-0500 - 9.00 B
2015-01-31 13:45:32.029+0000 INFO  [o.n.k.i.DiagnosticsManager]:   neostore.relationshiptypestore.db: 2015-01-31T08:45:30-0500 - 0.00 B
2015-01-31 13:45:32.030+0000 INFO  [o.n.k.i.DiagnosticsManager]:   neostore.relationshiptypestore.db.id: 2015-01-31T08:45:29-0500 - 9.00 B
2015-01-31 13:45:32.030+0000 INFO  [o.n.k.i.DiagnosticsManager]:   neostore.relationshiptypestore.db.names: 2015-01-31T08:45:30-0500 - 38.00 B
2015-01-31 13:45:32.031+0000 INFO  [o.n.k.i.DiagnosticsManager]:   neostore.relationshiptypestore.db.names.id: 2015-01-31T08:45:29-0500 - 9.00 B
2015-01-31 13:45:32.032+0000 INFO  [o.n.k.i.DiagnosticsManager]:   neostore.schemastore.db: 2015-01-31T08:45:30-0500 - 64.00 B
2015-01-31 13:45:32.033+0000 INFO  [o.n.k.i.DiagnosticsManager]:   neostore.schemastore.db.id: 2015-01-31T08:45:30-0500 - 9.00 B
2015-01-31 13:45:32.033+0000 INFO  [o.n.k.i.DiagnosticsManager]:   nioneo_logical.log.1: 2015-01-31T08:45:31-0500 - 16.00 B
2015-01-31 13:45:32.034+0000 INFO  [o.n.k.i.DiagnosticsManager]:   nioneo_logical.log.active: 2015-01-31T08:45:31-0500 - 4.00 B
2015-01-31 13:45:32.034+0000 INFO  [o.n.k.i.DiagnosticsManager]:   schema:
2015-01-31 13:45:32.035+0000 INFO  [o.n.k.i.DiagnosticsManager]:     label:
2015-01-31 13:45:32.035+0000 INFO  [o.n.k.i.DiagnosticsManager]:       lucene:
2015-01-31 13:45:32.036+0000 INFO  [o.n.k.i.DiagnosticsManager]:         write.lock: 2015-01-31T08:45:31-0500 - 0.00 B
2015-01-31 13:45:32.037+0000 INFO  [o.n.k.i.DiagnosticsManager]:       - Total: 2015-01-31T08:45:31-0500 - 0.00 B
2015-01-31 13:45:32.037+0000 INFO  [o.n.k.i.DiagnosticsManager]:     - Total: 2015-01-31T08:45:31-0500 - 0.00 B
2015-01-31 13:45:32.038+0000 INFO  [o.n.k.i.DiagnosticsManager]:   - Total: 2015-01-31T08:45:31-0500 - 0.00 B
2015-01-31 13:45:32.039+0000 INFO  [o.n.k.i.DiagnosticsManager]:   store_lock: 2015-01-31T08:45:26-0500 - 0.00 B
2015-01-31 13:45:32.039+0000 INFO  [o.n.k.i.DiagnosticsManager]:   tm_tx_log.1: 2015-01-31T08:45:31-0500 - 0.00 B
2015-01-31 13:45:32.039+0000 INFO  [o.n.k.i.DiagnosticsManager]: --- STARTED diagnostics for KernelDiagnostics:StoreFiles END ---
2015-01-31 13:45:32.310+0000 INFO  [o.n.k.EmbeddedGraphDatabase]: GC Monitor started. 
2015-01-31 13:45:32.312+0000 INFO  [o.n.k.EmbeddedGraphDatabase]: Database is now ready
2015-01-31 13:45:49.274+0000 INFO  [o.n.k.EmbeddedGraphDatabase]: Shutdown started
2015-01-31 13:45:49.276+0000 INFO  [o.n.k.EmbeddedGraphDatabase]: Database is now unavailable
2015-01-31 13:45:49.277+0000 INFO  [o.n.k.EmbeddedGraphDatabase]: GC Monitor stopped. 
2015-01-31 13:45:49.293+0000 INFO  [o.n.k.i.t.x.XaLogicalLog]: Closed log accessingdataneo4j.db\index\lucene.log
2015-01-31 13:45:49.301+0000 INFO  [o.n.k.i.t.TxManager]: TM shutting down
2015-01-31 13:45:49.388+0000 INFO  [o.n.k.i.t.x.XaLogicalLog]: Closed log accessingdataneo4j.db\nioneo_logical.log
2015-01-31 13:45:49.405+0000 INFO  [o.n.k.i.n.s.StoreFactory]: accessingdataneo4j.db\neostore.relationshiptypestore.db.names hit=0 miss=1 switches=0 ooe=0
2015-01-31 13:45:49.416+0000 INFO  [o.n.k.i.n.s.StoreFactory]: accessingdataneo4j.db\neostore.relationshiptypestore.db hit=0 miss=1 switches=0 ooe=0
2015-01-31 13:45:49.427+0000 INFO  [o.n.k.i.n.s.StoreFactory]: accessingdataneo4j.db\neostore.labeltokenstore.db.names hit=0 miss=4 switches=0 ooe=0
2015-01-31 13:45:49.439+0000 INFO  [o.n.k.i.n.s.StoreFactory]: accessingdataneo4j.db\neostore.labeltokenstore.db hit=0 miss=4 switches=0 ooe=0
2015-01-31 13:45:49.450+0000 INFO  [o.n.k.i.n.s.StoreFactory]: accessingdataneo4j.db\neostore.propertystore.db.strings hit=0 miss=0 switches=0 ooe=0
2015-01-31 13:45:49.461+0000 INFO  [o.n.k.i.n.s.StoreFactory]: accessingdataneo4j.db\neostore.propertystore.db.index.keys hit=0 miss=1 switches=0 ooe=0
2015-01-31 13:45:49.472+0000 INFO  [o.n.k.i.n.s.StoreFactory]: accessingdataneo4j.db\neostore.propertystore.db.index hit=0 miss=1 switches=0 ooe=0
2015-01-31 13:45:49.482+0000 INFO  [o.n.k.i.n.s.StoreFactory]: accessingdataneo4j.db\neostore.propertystore.db.arrays hit=0 miss=0 switches=0 ooe=0
2015-01-31 13:45:49.490+0000 INFO  [o.n.k.i.n.s.StoreFactory]: accessingdataneo4j.db\neostore.propertystore.db hit=5 miss=0 switches=0 ooe=0
2015-01-31 13:45:49.500+0000 INFO  [o.n.k.i.n.s.StoreFactory]: accessingdataneo4j.db\neostore.relationshipstore.db hit=2 miss=0 switches=0 ooe=0
2015-01-31 13:45:49.512+0000 INFO  [o.n.k.i.n.s.StoreFactory]: accessingdataneo4j.db\neostore.nodestore.db.labels hit=0 miss=0 switches=0 ooe=0
2015-01-31 13:45:49.522+0000 INFO  [o.n.k.i.n.s.StoreFactory]: accessingdataneo4j.db\neostore.nodestore.db hit=5 miss=0 switches=0 ooe=0
2015-01-31 13:45:49.534+0000 INFO  [o.n.k.i.n.s.StoreFactory]: accessingdataneo4j.db\neostore.schemastore.db hit=0 miss=0 switches=0 ooe=0
2015-01-31 13:45:49.545+0000 INFO  [o.n.k.i.n.s.StoreFactory]: accessingdataneo4j.db\neostore.relationshipgroupstore.db hit=0 miss=0 switches=0 ooe=0
2015-01-31 13:45:49.557+0000 INFO  [o.n.k.i.n.s.StoreFactory]: accessingdataneo4j.db\neostore hit=0 miss=22 switches=0 ooe=0
2015-01-31 13:45:49.566+0000 INFO  [o.n.k.i.n.x.NeoStoreXaDataSource]: NeoStore closed
2015-01-31 13:45:49.566+0000 INFO  [o.n.k.i.DiagnosticsManager]: --- STOPPING diagnostics START ---
2015-01-31 13:45:49.566+0000 INFO  [o.n.k.i.DiagnosticsManager]: --- STOPPING diagnostics END ---
